<?xml version="1.0" encoding="UTF-8" ?>
<testsuite failures="0" time="0.278" errors="0" skipped="0" tests="0" name="TestSuite">
  <properties>
    <property name="java.runtime.name" value="Java(TM) SE Runtime Environment"/>
    <property name="sun.boot.library.path" value="/System/Library/Java/JavaVirtualMachines/1.6.0.jdk/Contents/Libraries"/>
    <property name="java.vm.version" value="20.65-b04-462"/>
    <property name="awt.nativeDoubleBuffering" value="true"/>
    <property name="gopherProxySet" value="false"/>
    <property name="mrj.build" value="11M4609"/>
    <property name="java.vm.vendor" value="Apple Inc."/>
    <property name="java.vendor.url" value="http://www.apple.com/"/>
    <property name="path.separator" value=":"/>
    <property name="java.vm.name" value="Java HotSpot(TM) 64-Bit Server VM"/>
    <property name="file.encoding.pkg" value="sun.io"/>
    <property name="user.country" value="CN"/>
    <property name="sun.java.launcher" value="SUN_STANDARD"/>
    <property name="sun.os.patch.level" value="unknown"/>
    <property name="java.vm.specification.name" value="Java Virtual Machine Specification"/>
    <property name="user.dir" value="/Users/ngnono/Workspace/git/pw_test/webapp"/>
    <property name="java.runtime.version" value="1.6.0_65-b14-462-11M4609"/>
    <property name="java.awt.graphicsenv" value="apple.awt.CGraphicsEnvironment"/>
    <property name="basedir" value="/Users/ngnono/Workspace/git/pw_test/webapp"/>
    <property name="java.endorsed.dirs" value="/System/Library/Java/JavaVirtualMachines/1.6.0.jdk/Contents/Home/lib/endorsed"/>
    <property name="os.arch" value="x86_64"/>
    <property name="surefire.real.class.path" value="/Users/ngnono/Workspace/git/pw_test/webapp/target/surefire/surefirebooter2387593480587840634.jar"/>
    <property name="java.io.tmpdir" value="/var/folders/28/lstskbkn4_d6194qfw_49bth0000gn/T/"/>
    <property name="line.separator" value="
"/>
    <property name="java.vm.specification.vendor" value="Sun Microsystems Inc."/>
    <property name="tapestry.execution-mode" value="Qa"/>
    <property name="os.name" value="Mac OS X"/>
    <property name="sun.jnu.encoding" value="EUC_CN"/>
    <property name="java.library.path" value=".:/Library/Java/Extensions:/System/Library/Java/Extensions:/usr/lib/java"/>
    <property name="surefire.test.class.path" value="/Users/ngnono/Workspace/git/pw_test/webapp/target/test-classes:/Users/ngnono/Workspace/git/pw_test/webapp/target/classes:/Users/ngnono/.m2/repository/org/springframework/spring-core/3.2.0.RELEASE/spring-core-3.2.0.RELEASE.jar:/Users/ngnono/.m2/repository/commons-logging/commons-logging/1.1.1/commons-logging-1.1.1.jar:/Users/ngnono/.m2/repository/org/springframework/spring-web/3.2.0.RELEASE/spring-web-3.2.0.RELEASE.jar:/Users/ngnono/.m2/repository/org/springframework/spring-context/3.2.0.RELEASE/spring-context-3.2.0.RELEASE.jar:/Users/ngnono/.m2/repository/org/springframework/spring-aop/3.2.0.RELEASE/spring-aop-3.2.0.RELEASE.jar:/Users/ngnono/.m2/repository/aopalliance/aopalliance/1.0/aopalliance-1.0.jar:/Users/ngnono/.m2/repository/org/springframework/spring-beans/3.2.0.RELEASE/spring-beans-3.2.0.RELEASE.jar:/Users/ngnono/.m2/repository/javax/servlet/servlet-api/2.5/servlet-api-2.5.jar:/Users/ngnono/.m2/repository/javax/servlet/jsp/jsp-api/2.1/jsp-api-2.1.jar:/Users/ngnono/.m2/repository/org/springframework/spring-webmvc/3.2.0.RELEASE/spring-webmvc-3.2.0.RELEASE.jar:/Users/ngnono/.m2/repository/org/springframework/spring-expression/3.2.0.RELEASE/spring-expression-3.2.0.RELEASE.jar:/Users/ngnono/.m2/repository/org/springframework/spring-test/3.2.0.RELEASE/spring-test-3.2.0.RELEASE.jar:/Users/ngnono/.m2/repository/junit/junit/4.8.2/junit-4.8.2.jar:/Users/ngnono/.m2/repository/org/apache/tapestry/tapestry-core/5.3.7/tapestry-core-5.3.7.jar:/Users/ngnono/.m2/repository/org/antlr/antlr-runtime/3.3/antlr-runtime-3.3.jar:/Users/ngnono/.m2/repository/org/antlr/stringtemplate/3.2.1/stringtemplate-3.2.1.jar:/Users/ngnono/.m2/repository/antlr/antlr/2.7.7/antlr-2.7.7.jar:/Users/ngnono/.m2/repository/commons-codec/commons-codec/1.5/commons-codec-1.5.jar:/Users/ngnono/.m2/repository/org/apache/tapestry/tapestry-json/5.3.7/tapestry-json-5.3.7.jar:/Users/ngnono/.m2/repository/org/apache/tapestry/tapestry-ioc/5.3.7/tapestry-ioc-5.3.7.jar:/Users/ngnono/.m2/repository/org/slf4j/slf4j-api/1.6.1/slf4j-api-1.6.1.jar:/Users/ngnono/.m2/repository/org/apache/tapestry/tapestry5-annotations/5.3.7/tapestry5-annotations-5.3.7.jar:/Users/ngnono/.m2/repository/org/slf4j/slf4j-log4j12/1.6.1/slf4j-log4j12-1.6.1.jar:/Users/ngnono/.m2/repository/org/apache/tapestry/tapestry-func/5.3.7/tapestry-func-5.3.7.jar:/Users/ngnono/.m2/repository/javax/inject/javax.inject/1/javax.inject-1.jar:/Users/ngnono/.m2/repository/org/apache/tapestry/plastic/5.3.7/plastic-5.3.7.jar:/Users/ngnono/.m2/repository/log4j/log4j/1.2.14/log4j-1.2.14.jar:/Users/ngnono/.m2/repository/javassist/javassist/3.12.1.GA/javassist-3.12.1.GA.jar:/Users/ngnono/.m2/repository/org/apache/tapestry/tapestry-yuicompressor/5.3.7/tapestry-yuicompressor-5.3.7.jar:/Users/ngnono/.m2/repository/com/yahoo/platform/yui/yuicompressor/2.4.7/yuicompressor-2.4.7.jar:/Users/ngnono/.m2/repository/rhino/js/1.6R7/js-1.6R7.jar:/Users/ngnono/.m2/repository/org/testng/testng/5.14.10/testng-5.14.10.jar:/Users/ngnono/.m2/repository/org/beanshell/bsh/2.0b4/bsh-2.0b4.jar:/Users/ngnono/.m2/repository/com/beust/jcommander/1.12/jcommander-1.12.jar:/Users/ngnono/.m2/repository/org/yaml/snakeyaml/1.6/snakeyaml-1.6.jar:/Users/ngnono/.m2/repository/org/easymock/easymock/3.0/easymock-3.0.jar:/Users/ngnono/.m2/repository/cglib/cglib-nodep/2.2/cglib-nodep-2.2.jar:/Users/ngnono/.m2/repository/org/objenesis/objenesis/1.2/objenesis-1.2.jar:/Users/ngnono/.m2/repository/org/apache/tapestry/tapestry-test/5.3.7/tapestry-test-5.3.7.jar:/Users/ngnono/.m2/repository/org/seleniumhq/selenium/selenium-server/2.26.0/selenium-server-2.26.0.jar:/Users/ngnono/.m2/repository/org/bouncycastle/bcprov-jdk15on/1.47/bcprov-jdk15on-1.47.jar:/Users/ngnono/.m2/repository/org/bouncycastle/bcpkix-jdk15on/1.47/bcpkix-jdk15on-1.47.jar:/Users/ngnono/.m2/repository/mx4j/mx4j-tools/3.0.1/mx4j-tools-3.0.1.jar:/Users/ngnono/.m2/repository/org/mortbay/jetty/servlet-api-2.5/6.1.9/servlet-api-2.5-6.1.9.jar:/Users/ngnono/.m2/repository/org/seleniumhq/selenium/jetty-repacked/7.6.1/jetty-repacked-7.6.1.jar:/Users/ngnono/.m2/repository/net/jcip/jcip-annotations/1.0/jcip-annotations-1.0.jar:/Users/ngnono/.m2/repository/org/eclipse/jetty/jetty-plus/7.0.0.v20091005/jetty-plus-7.0.0.v20091005.jar:/Users/ngnono/.m2/repository/org/apache/geronimo/specs/geronimo-jta_1.1_spec/1.1.1/geronimo-jta_1.1_spec-1.1.1.jar:/Users/ngnono/.m2/repository/org/eclipse/jetty/jetty-webapp/7.0.0.v20091005/jetty-webapp-7.0.0.v20091005.jar:/Users/ngnono/.m2/repository/org/eclipse/jetty/jetty-xml/7.0.0.v20091005/jetty-xml-7.0.0.v20091005.jar:/Users/ngnono/.m2/repository/org/eclipse/jetty/jetty-util/7.0.0.v20091005/jetty-util-7.0.0.v20091005.jar:/Users/ngnono/.m2/repository/org/eclipse/jetty/jetty-servlet/7.0.0.v20091005/jetty-servlet-7.0.0.v20091005.jar:/Users/ngnono/.m2/repository/org/eclipse/jetty/jetty-security/7.0.0.v20091005/jetty-security-7.0.0.v20091005.jar:/Users/ngnono/.m2/repository/org/eclipse/jetty/jetty-jndi/7.0.0.v20091005/jetty-jndi-7.0.0.v20091005.jar:/Users/ngnono/.m2/repository/javax/mail/mail/1.4/mail-1.4.jar:/Users/ngnono/.m2/repository/org/eclipse/jetty/jetty-server/7.0.0.v20091005/jetty-server-7.0.0.v20091005.jar:/Users/ngnono/.m2/repository/org/eclipse/jetty/jetty-continuation/7.0.0.v20091005/jetty-continuation-7.0.0.v20091005.jar:/Users/ngnono/.m2/repository/org/eclipse/jetty/jetty-http/7.0.0.v20091005/jetty-http-7.0.0.v20091005.jar:/Users/ngnono/.m2/repository/org/eclipse/jetty/jetty-io/7.0.0.v20091005/jetty-io-7.0.0.v20091005.jar:/Users/ngnono/.m2/repository/org/seleniumhq/selenium/selenium-java/2.26.0/selenium-java-2.26.0.jar:/Users/ngnono/.m2/repository/org/seleniumhq/selenium/selenium-android-driver/2.26.0/selenium-android-driver-2.26.0.jar:/Users/ngnono/.m2/repository/org/seleniumhq/selenium/selenium-remote-driver/2.26.0/selenium-remote-driver-2.26.0.jar:/Users/ngnono/.m2/repository/org/json/json/20080701/json-20080701.jar:/Users/ngnono/.m2/repository/com/google/guava/guava/13.0.1/guava-13.0.1.jar:/Users/ngnono/.m2/repository/org/seleniumhq/selenium/selenium-chrome-driver/2.26.0/selenium-chrome-driver-2.26.0.jar:/Users/ngnono/.m2/repository/org/seleniumhq/selenium/selenium-htmlunit-driver/2.26.0/selenium-htmlunit-driver-2.26.0.jar:/Users/ngnono/.m2/repository/org/seleniumhq/selenium/selenium-api/2.26.0/selenium-api-2.26.0.jar:/Users/ngnono/.m2/repository/net/sourceforge/htmlunit/htmlunit/2.10/htmlunit-2.10.jar:/Users/ngnono/.m2/repository/xalan/xalan/2.7.1/xalan-2.7.1.jar:/Users/ngnono/.m2/repository/xalan/serializer/2.7.1/serializer-2.7.1.jar:/Users/ngnono/.m2/repository/commons-collections/commons-collections/3.2.1/commons-collections-3.2.1.jar:/Users/ngnono/.m2/repository/org/apache/commons/commons-lang3/3.1/commons-lang3-3.1.jar:/Users/ngnono/.m2/repository/org/apache/httpcomponents/httpmime/4.2.1/httpmime-4.2.1.jar:/Users/ngnono/.m2/repository/net/sourceforge/htmlunit/htmlunit-core-js/2.10/htmlunit-core-js-2.10.jar:/Users/ngnono/.m2/repository/xerces/xercesImpl/2.9.1/xercesImpl-2.9.1.jar:/Users/ngnono/.m2/repository/xml-apis/xml-apis/1.3.04/xml-apis-1.3.04.jar:/Users/ngnono/.m2/repository/net/sourceforge/nekohtml/nekohtml/1.9.16/nekohtml-1.9.16.jar:/Users/ngnono/.m2/repository/net/sourceforge/cssparser/cssparser/0.9.7/cssparser-0.9.7.jar:/Users/ngnono/.m2/repository/org/w3c/css/sac/1.3/sac-1.3.jar:/Users/ngnono/.m2/repository/org/apache/httpcomponents/httpclient/4.2.1/httpclient-4.2.1.jar:/Users/ngnono/.m2/repository/org/apache/httpcomponents/httpcore/4.2.1/httpcore-4.2.1.jar:/Users/ngnono/.m2/repository/org/seleniumhq/selenium/selenium-firefox-driver/2.26.0/selenium-firefox-driver-2.26.0.jar:/Users/ngnono/.m2/repository/commons-io/commons-io/2.2/commons-io-2.2.jar:/Users/ngnono/.m2/repository/org/apache/commons/commons-exec/1.1/commons-exec-1.1.jar:/Users/ngnono/.m2/repository/org/seleniumhq/selenium/selenium-ie-driver/2.26.0/selenium-ie-driver-2.26.0.jar:/Users/ngnono/.m2/repository/net/java/dev/jna/jna/3.4.0/jna-3.4.0.jar:/Users/ngnono/.m2/repository/net/java/dev/jna/platform/3.4.0/platform-3.4.0.jar:/Users/ngnono/.m2/repository/org/seleniumhq/selenium/selenium-iphone-driver/2.26.0/selenium-iphone-driver-2.26.0.jar:/Users/ngnono/.m2/repository/org/seleniumhq/selenium/selenium-safari-driver/2.26.0/selenium-safari-driver-2.26.0.jar:/Users/ngnono/.m2/repository/org/seleniumhq/selenium/selenium-support/2.26.0/selenium-support-2.26.0.jar:/Users/ngnono/.m2/repository/org/webbitserver/webbit/0.4.14/webbit-0.4.14.jar:/Users/ngnono/.m2/repository/io/netty/netty/3.5.2.Final/netty-3.5.2.Final.jar:/Users/ngnono/.m2/repository/org/apache/tomcat/dbcp/6.0.30/dbcp-6.0.30.jar:/Users/ngnono/.m2/repository/org/apache/tomcat/coyote/6.0.30/coyote-6.0.30.jar:/Users/ngnono/.m2/repository/org/apache/tomcat/servlet-api/6.0.30/servlet-api-6.0.30.jar:/Users/ngnono/.m2/repository/org/apache/tomcat/juli/6.0.30/juli-6.0.30.jar:/Users/ngnono/.m2/repository/org/apache/tomcat/catalina/6.0.30/catalina-6.0.30.jar:/Users/ngnono/.m2/repository/org/apache/tomcat/annotations-api/6.0.30/annotations-api-6.0.30.jar:/Users/ngnono/.m2/repository/org/apache/tapestry/tapestry-javadoc/5.3.7/tapestry-javadoc-5.3.7.jar:"/>
    <property name="java.specification.name" value="Java Platform API Specification"/>
    <property name="java.class.version" value="50.0"/>
    <property name="sun.management.compiler" value="HotSpot 64-Bit Tiered Compilers"/>
    <property name="maven.repo.local" value="/Users/ngnono/.m2/repository"/>
    <property name="os.version" value="10.8.5"/>
    <property name="http.nonProxyHosts" value="local|*.local|169.254/16|*.169.254/16"/>
    <property name="user.home" value="/Users/ngnono"/>
    <property name="user.timezone" value="Asia/Shanghai"/>
    <property name="java.awt.printerjob" value="apple.awt.CPrinterJob"/>
    <property name="java.specification.version" value="1.6"/>
    <property name="file.encoding" value="EUC_CN"/>
    <property name="user.name" value="ngnono"/>
    <property name="java.class.path" value="/Users/ngnono/Workspace/git/pw_test/webapp/target/test-classes:/Users/ngnono/Workspace/git/pw_test/webapp/target/classes:/Users/ngnono/.m2/repository/org/springframework/spring-core/3.2.0.RELEASE/spring-core-3.2.0.RELEASE.jar:/Users/ngnono/.m2/repository/commons-logging/commons-logging/1.1.1/commons-logging-1.1.1.jar:/Users/ngnono/.m2/repository/org/springframework/spring-web/3.2.0.RELEASE/spring-web-3.2.0.RELEASE.jar:/Users/ngnono/.m2/repository/org/springframework/spring-context/3.2.0.RELEASE/spring-context-3.2.0.RELEASE.jar:/Users/ngnono/.m2/repository/org/springframework/spring-aop/3.2.0.RELEASE/spring-aop-3.2.0.RELEASE.jar:/Users/ngnono/.m2/repository/aopalliance/aopalliance/1.0/aopalliance-1.0.jar:/Users/ngnono/.m2/repository/org/springframework/spring-beans/3.2.0.RELEASE/spring-beans-3.2.0.RELEASE.jar:/Users/ngnono/.m2/repository/javax/servlet/servlet-api/2.5/servlet-api-2.5.jar:/Users/ngnono/.m2/repository/javax/servlet/jsp/jsp-api/2.1/jsp-api-2.1.jar:/Users/ngnono/.m2/repository/org/springframework/spring-webmvc/3.2.0.RELEASE/spring-webmvc-3.2.0.RELEASE.jar:/Users/ngnono/.m2/repository/org/springframework/spring-expression/3.2.0.RELEASE/spring-expression-3.2.0.RELEASE.jar:/Users/ngnono/.m2/repository/org/springframework/spring-test/3.2.0.RELEASE/spring-test-3.2.0.RELEASE.jar:/Users/ngnono/.m2/repository/junit/junit/4.8.2/junit-4.8.2.jar:/Users/ngnono/.m2/repository/org/apache/tapestry/tapestry-core/5.3.7/tapestry-core-5.3.7.jar:/Users/ngnono/.m2/repository/org/antlr/antlr-runtime/3.3/antlr-runtime-3.3.jar:/Users/ngnono/.m2/repository/org/antlr/stringtemplate/3.2.1/stringtemplate-3.2.1.jar:/Users/ngnono/.m2/repository/antlr/antlr/2.7.7/antlr-2.7.7.jar:/Users/ngnono/.m2/repository/commons-codec/commons-codec/1.5/commons-codec-1.5.jar:/Users/ngnono/.m2/repository/org/apache/tapestry/tapestry-json/5.3.7/tapestry-json-5.3.7.jar:/Users/ngnono/.m2/repository/org/apache/tapestry/tapestry-ioc/5.3.7/tapestry-ioc-5.3.7.jar:/Users/ngnono/.m2/repository/org/slf4j/slf4j-api/1.6.1/slf4j-api-1.6.1.jar:/Users/ngnono/.m2/repository/org/apache/tapestry/tapestry5-annotations/5.3.7/tapestry5-annotations-5.3.7.jar:/Users/ngnono/.m2/repository/org/slf4j/slf4j-log4j12/1.6.1/slf4j-log4j12-1.6.1.jar:/Users/ngnono/.m2/repository/org/apache/tapestry/tapestry-func/5.3.7/tapestry-func-5.3.7.jar:/Users/ngnono/.m2/repository/javax/inject/javax.inject/1/javax.inject-1.jar:/Users/ngnono/.m2/repository/org/apache/tapestry/plastic/5.3.7/plastic-5.3.7.jar:/Users/ngnono/.m2/repository/log4j/log4j/1.2.14/log4j-1.2.14.jar:/Users/ngnono/.m2/repository/javassist/javassist/3.12.1.GA/javassist-3.12.1.GA.jar:/Users/ngnono/.m2/repository/org/apache/tapestry/tapestry-yuicompressor/5.3.7/tapestry-yuicompressor-5.3.7.jar:/Users/ngnono/.m2/repository/com/yahoo/platform/yui/yuicompressor/2.4.7/yuicompressor-2.4.7.jar:/Users/ngnono/.m2/repository/rhino/js/1.6R7/js-1.6R7.jar:/Users/ngnono/.m2/repository/org/testng/testng/5.14.10/testng-5.14.10.jar:/Users/ngnono/.m2/repository/org/beanshell/bsh/2.0b4/bsh-2.0b4.jar:/Users/ngnono/.m2/repository/com/beust/jcommander/1.12/jcommander-1.12.jar:/Users/ngnono/.m2/repository/org/yaml/snakeyaml/1.6/snakeyaml-1.6.jar:/Users/ngnono/.m2/repository/org/easymock/easymock/3.0/easymock-3.0.jar:/Users/ngnono/.m2/repository/cglib/cglib-nodep/2.2/cglib-nodep-2.2.jar:/Users/ngnono/.m2/repository/org/objenesis/objenesis/1.2/objenesis-1.2.jar:/Users/ngnono/.m2/repository/org/apache/tapestry/tapestry-test/5.3.7/tapestry-test-5.3.7.jar:/Users/ngnono/.m2/repository/org/seleniumhq/selenium/selenium-server/2.26.0/selenium-server-2.26.0.jar:/Users/ngnono/.m2/repository/org/bouncycastle/bcprov-jdk15on/1.47/bcprov-jdk15on-1.47.jar:/Users/ngnono/.m2/repository/org/bouncycastle/bcpkix-jdk15on/1.47/bcpkix-jdk15on-1.47.jar:/Users/ngnono/.m2/repository/mx4j/mx4j-tools/3.0.1/mx4j-tools-3.0.1.jar:/Users/ngnono/.m2/repository/org/mortbay/jetty/servlet-api-2.5/6.1.9/servlet-api-2.5-6.1.9.jar:/Users/ngnono/.m2/repository/org/seleniumhq/selenium/jetty-repacked/7.6.1/jetty-repacked-7.6.1.jar:/Users/ngnono/.m2/repository/net/jcip/jcip-annotations/1.0/jcip-annotations-1.0.jar:/Users/ngnono/.m2/repository/org/eclipse/jetty/jetty-plus/7.0.0.v20091005/jetty-plus-7.0.0.v20091005.jar:/Users/ngnono/.m2/repository/org/apache/geronimo/specs/geronimo-jta_1.1_spec/1.1.1/geronimo-jta_1.1_spec-1.1.1.jar:/Users/ngnono/.m2/repository/org/eclipse/jetty/jetty-webapp/7.0.0.v20091005/jetty-webapp-7.0.0.v20091005.jar:/Users/ngnono/.m2/repository/org/eclipse/jetty/jetty-xml/7.0.0.v20091005/jetty-xml-7.0.0.v20091005.jar:/Users/ngnono/.m2/repository/org/eclipse/jetty/jetty-util/7.0.0.v20091005/jetty-util-7.0.0.v20091005.jar:/Users/ngnono/.m2/repository/org/eclipse/jetty/jetty-servlet/7.0.0.v20091005/jetty-servlet-7.0.0.v20091005.jar:/Users/ngnono/.m2/repository/org/eclipse/jetty/jetty-security/7.0.0.v20091005/jetty-security-7.0.0.v20091005.jar:/Users/ngnono/.m2/repository/org/eclipse/jetty/jetty-jndi/7.0.0.v20091005/jetty-jndi-7.0.0.v20091005.jar:/Users/ngnono/.m2/repository/javax/mail/mail/1.4/mail-1.4.jar:/Users/ngnono/.m2/repository/org/eclipse/jetty/jetty-server/7.0.0.v20091005/jetty-server-7.0.0.v20091005.jar:/Users/ngnono/.m2/repository/org/eclipse/jetty/jetty-continuation/7.0.0.v20091005/jetty-continuation-7.0.0.v20091005.jar:/Users/ngnono/.m2/repository/org/eclipse/jetty/jetty-http/7.0.0.v20091005/jetty-http-7.0.0.v20091005.jar:/Users/ngnono/.m2/repository/org/eclipse/jetty/jetty-io/7.0.0.v20091005/jetty-io-7.0.0.v20091005.jar:/Users/ngnono/.m2/repository/org/seleniumhq/selenium/selenium-java/2.26.0/selenium-java-2.26.0.jar:/Users/ngnono/.m2/repository/org/seleniumhq/selenium/selenium-android-driver/2.26.0/selenium-android-driver-2.26.0.jar:/Users/ngnono/.m2/repository/org/seleniumhq/selenium/selenium-remote-driver/2.26.0/selenium-remote-driver-2.26.0.jar:/Users/ngnono/.m2/repository/org/json/json/20080701/json-20080701.jar:/Users/ngnono/.m2/repository/com/google/guava/guava/13.0.1/guava-13.0.1.jar:/Users/ngnono/.m2/repository/org/seleniumhq/selenium/selenium-chrome-driver/2.26.0/selenium-chrome-driver-2.26.0.jar:/Users/ngnono/.m2/repository/org/seleniumhq/selenium/selenium-htmlunit-driver/2.26.0/selenium-htmlunit-driver-2.26.0.jar:/Users/ngnono/.m2/repository/org/seleniumhq/selenium/selenium-api/2.26.0/selenium-api-2.26.0.jar:/Users/ngnono/.m2/repository/net/sourceforge/htmlunit/htmlunit/2.10/htmlunit-2.10.jar:/Users/ngnono/.m2/repository/xalan/xalan/2.7.1/xalan-2.7.1.jar:/Users/ngnono/.m2/repository/xalan/serializer/2.7.1/serializer-2.7.1.jar:/Users/ngnono/.m2/repository/commons-collections/commons-collections/3.2.1/commons-collections-3.2.1.jar:/Users/ngnono/.m2/repository/org/apache/commons/commons-lang3/3.1/commons-lang3-3.1.jar:/Users/ngnono/.m2/repository/org/apache/httpcomponents/httpmime/4.2.1/httpmime-4.2.1.jar:/Users/ngnono/.m2/repository/net/sourceforge/htmlunit/htmlunit-core-js/2.10/htmlunit-core-js-2.10.jar:/Users/ngnono/.m2/repository/xerces/xercesImpl/2.9.1/xercesImpl-2.9.1.jar:/Users/ngnono/.m2/repository/xml-apis/xml-apis/1.3.04/xml-apis-1.3.04.jar:/Users/ngnono/.m2/repository/net/sourceforge/nekohtml/nekohtml/1.9.16/nekohtml-1.9.16.jar:/Users/ngnono/.m2/repository/net/sourceforge/cssparser/cssparser/0.9.7/cssparser-0.9.7.jar:/Users/ngnono/.m2/repository/org/w3c/css/sac/1.3/sac-1.3.jar:/Users/ngnono/.m2/repository/org/apache/httpcomponents/httpclient/4.2.1/httpclient-4.2.1.jar:/Users/ngnono/.m2/repository/org/apache/httpcomponents/httpcore/4.2.1/httpcore-4.2.1.jar:/Users/ngnono/.m2/repository/org/seleniumhq/selenium/selenium-firefox-driver/2.26.0/selenium-firefox-driver-2.26.0.jar:/Users/ngnono/.m2/repository/commons-io/commons-io/2.2/commons-io-2.2.jar:/Users/ngnono/.m2/repository/org/apache/commons/commons-exec/1.1/commons-exec-1.1.jar:/Users/ngnono/.m2/repository/org/seleniumhq/selenium/selenium-ie-driver/2.26.0/selenium-ie-driver-2.26.0.jar:/Users/ngnono/.m2/repository/net/java/dev/jna/jna/3.4.0/jna-3.4.0.jar:/Users/ngnono/.m2/repository/net/java/dev/jna/platform/3.4.0/platform-3.4.0.jar:/Users/ngnono/.m2/repository/org/seleniumhq/selenium/selenium-iphone-driver/2.26.0/selenium-iphone-driver-2.26.0.jar:/Users/ngnono/.m2/repository/org/seleniumhq/selenium/selenium-safari-driver/2.26.0/selenium-safari-driver-2.26.0.jar:/Users/ngnono/.m2/repository/org/seleniumhq/selenium/selenium-support/2.26.0/selenium-support-2.26.0.jar:/Users/ngnono/.m2/repository/org/webbitserver/webbit/0.4.14/webbit-0.4.14.jar:/Users/ngnono/.m2/repository/io/netty/netty/3.5.2.Final/netty-3.5.2.Final.jar:/Users/ngnono/.m2/repository/org/apache/tomcat/dbcp/6.0.30/dbcp-6.0.30.jar:/Users/ngnono/.m2/repository/org/apache/tomcat/coyote/6.0.30/coyote-6.0.30.jar:/Users/ngnono/.m2/repository/org/apache/tomcat/servlet-api/6.0.30/servlet-api-6.0.30.jar:/Users/ngnono/.m2/repository/org/apache/tomcat/juli/6.0.30/juli-6.0.30.jar:/Users/ngnono/.m2/repository/org/apache/tomcat/catalina/6.0.30/catalina-6.0.30.jar:/Users/ngnono/.m2/repository/org/apache/tomcat/annotations-api/6.0.30/annotations-api-6.0.30.jar:/Users/ngnono/.m2/repository/org/apache/tapestry/tapestry-javadoc/5.3.7/tapestry-javadoc-5.3.7.jar:"/>
    <property name="java.vm.specification.version" value="1.0"/>
    <property name="sun.arch.data.model" value="64"/>
    <property name="java.home" value="/System/Library/Java/JavaVirtualMachines/1.6.0.jdk/Contents/Home"/>
    <property name="sun.java.command" value="/Users/ngnono/Workspace/git/pw_test/webapp/target/surefire/surefirebooter2387593480587840634.jar /Users/ngnono/Workspace/git/pw_test/webapp/target/surefire/surefire5096172210083868904tmp /Users/ngnono/Workspace/git/pw_test/webapp/target/surefire/surefire725068834920668329tmp"/>
    <property name="java.specification.vendor" value="Sun Microsystems Inc."/>
    <property name="user.language" value="zh"/>
    <property name="awt.toolkit" value="apple.awt.CToolkit"/>
    <property name="java.vm.info" value="mixed mode"/>
    <property name="java.version" value="1.6.0_65"/>
    <property name="java.ext.dirs" value="/Library/Java/Extensions:/System/Library/Java/Extensions:/System/Library/Java/JavaVirtualMachines/1.6.0.jdk/Contents/Home/lib/ext"/>
    <property name="sun.boot.class.path" value="/System/Library/Java/JavaVirtualMachines/1.6.0.jdk/Contents/Classes/jsfd.jar:/System/Library/Java/JavaVirtualMachines/1.6.0.jdk/Contents/Classes/classes.jar:/System/Library/Frameworks/JavaVM.framework/Frameworks/JavaRuntimeSupport.framework/Resources/Java/JavaRuntimeSupport.jar:/System/Library/Java/JavaVirtualMachines/1.6.0.jdk/Contents/Classes/ui.jar:/System/Library/Java/JavaVirtualMachines/1.6.0.jdk/Contents/Classes/laf.jar:/System/Library/Java/JavaVirtualMachines/1.6.0.jdk/Contents/Classes/sunrsasign.jar:/System/Library/Java/JavaVirtualMachines/1.6.0.jdk/Contents/Classes/jsse.jar:/System/Library/Java/JavaVirtualMachines/1.6.0.jdk/Contents/Classes/jce.jar:/System/Library/Java/JavaVirtualMachines/1.6.0.jdk/Contents/Classes/charsets.jar"/>
    <property name="java.vendor" value="Apple Inc."/>
    <property name="localRepository" value="/Users/ngnono/.m2/repository"/>
    <property name="file.separator" value="/"/>
    <property name="java.vendor.url.bug" value="http://bugreport.apple.com/"/>
    <property name="sun.cpu.endian" value="little"/>
    <property name="sun.io.unicode.encoding" value="UnicodeLittle"/>
    <property name="mrj.version" value="1070.1.6.0_65-462"/>
    <property name="socksNonProxyHosts" value="local|*.local|169.254/16|*.169.254/16"/>
    <property name="ftp.nonProxyHosts" value="local|*.local|169.254/16|*.169.254/16"/>
    <property name="sun.cpu.isalist" value=""/>
  </properties>
</testsuite>